KankanNews/proguard/seeds.txt
com.kankanews.kankanxinwen.R$anim
com.kankanews.kankanxinwen.R$anim: int alpha
com.kankanews.kankanxinwen.R$anim: int anim_loading_text
com.kankanews.kankanxinwen.R$anim: int animation_slide_in_up
com.kankanews.kankanxinwen.R$anim: int animation_slide_left_right
com.kankanews.kankanxinwen.R$anim: int animation_slide_out_up
com.kankanews.kankanxinwen.R$anim: int bottom_in
com.kankanews.kankanxinwen.R$anim: int bottom_out
com.kankanews.kankanxinwen.R$anim: int grow_from_bottom
com.kankanews.kankanxinwen.R$anim: int in_from_left
com.kankanews.kankanxinwen.R$anim: int in_from_right
com.kankanews.kankanxinwen.R$anim: int item_in
com.kankanews.kankanxinwen.R$anim: int item_out
com.kankanews.kankanxinwen.R$anim: int out_to_left
com.kankanews.kankanxinwen.R$anim: int out_to_right
com.kankanews.kankanxinwen.R$anim: int paly_alpha
com.kankanews.kankanxinwen.R$anim: int popup_enter
com.kankanews.kankanxinwen.R$anim: int popup_exit
com.kankanews.kankanxinwen.R$anim: int shake_umeng_socialize_cycle_5
com.kankanews.kankanxinwen.R$anim: int shake_umeng_socialize_dlg_alpha
com.kankanews.kankanxinwen.R$anim: int shake_umeng_socialize_dlg_scale
com.kankanews.kankanxinwen.R$anim: int shake_umeng_socialize_edit_anim
com.kankanews.kankanxinwen.R$anim: int shake_umeng_socialize_imageview_rotate
com.kankanews.kankanxinwen.R$anim: int shake_umeng_socialize_scrshot_dlg
com.kankanews.kankanxinwen.R$anim: int share_borad_hide
com.kankanews.kankanxinwen.R$anim: int share_borad_show
com.kankanews.kankanxinwen.R$array
com.kankanews.kankanxinwen.R$array: int umeng_fb_contact_key_array
com.kankanews.kankanxinwen.R$array: int umeng_fb_contact_type_array
com.kankanews.kankanxinwen.R$array: R$array()
com.kankanews.kankanxinwen.R$attr
com.kankanews.kankanxinwen.R$attr: int auto_play
com.kankanews.kankanxinwen.R$attr: int behindOffset
com.kankanews.kankanxinwen.R$attr: int behindScrollScale
com.kankanews.kankanxinwen.R$attr: int behindWidth
com.kankanews.kankanxinwen.R$attr: int border_inside_color
com.kankanews.kankanxinwen.R$attr: int border_outside_color
com.kankanews.kankanxinwen.R$attr: int border_thickness
com.kankanews.kankanxinwen.R$attr: int dayBackground
com.kankanews.kankanxinwen.R$attr: int dayTextColor
com.kankanews.kankanxinwen.R$attr: int displayHeader
com.kankanews.kankanxinwen.R$attr: int dividerColor
com.kankanews.kankanxinwen.R$attr: int fadeDegree
com.kankanews.kankanxinwen.R$attr: int fadeEnabled
com.kankanews.kankanxinwen.R$attr: int hasStickyHeaders
com.kankanews.kankanxinwen.R$attr: int headerTextColor
com.kankanews.kankanxinwen.R$attr: int isDrawingListUnderStickyHeader
com.kankanews.kankanxinwen.R$attr: int mode
com.kankanews.kankanxinwen.R$attr: int ptrAdapterViewBackground
com.kankanews.kankanxinwen.R$attr: int ptrAnimationStyle
com.kankanews.kankanxinwen.R$attr: int ptrDrawable
com.kankanews.kankanxinwen.R$attr: int ptrDrawableBottom
com.kankanews.kankanxinwen.R$attr: int ptrDrawableEnd
com.kankanews.kankanxinwen.R$attr: int ptrDrawableStart
com.kankanews.kankanxinwen.R$attr: int ptrDrawableTop
com.kankanews.kankanxinwen.R$attr: int ptrHeaderBackground
com.kankanews.kankanxinwen.R$attr: int ptrHeaderSubTextColor
...
android.support.v4.view.MotionEventCompatEclair
android.support.v4.view.MotionEventCompatEclair: MotionEventCompatEclair()
android.support.v4.view.MotionEventCompatEclair: int findPointerIndex(android.view.MotionEvent,int)
android.support.v4.view.MotionEventCompatEclair: int getPointerId(android.view.MotionEvent,int)
android.support.v4.view.MotionEventCompatEclair: float getX(android.view.MotionEvent,int)
android.support.v4.view.MotionEventCompatEclair: float getY(android.view.MotionEvent,int)
android.support.v4.view.MotionEventCompatEclair: int getPointerCount(android.view.MotionEvent)
android.support.v4.view.OnApplyWindowInsetsListener
android.support.v4.view.OnApplyWindowInsetsListener: android.support.v4.view.WindowInsetsCompat onApplyWindowInsets(android.view.View,android.support.v4.view.WindowInsetsCompat)
android.support.v4.view.PagerAdapter
android.support.v4.view.PagerAdapter: android.database.DataSetObservable mObservable
android.support.v4.view.PagerAdapter: int POSITION_UNCHANGED
android.support.v4.view.PagerAdapter: int POSITION_NONE
android.support.v4.view.PagerAdapter: PagerAdapter()
android.support.v4.view.PagerAdapter: int getCount()
android.support.v4.view.PagerAdapter: void startUpdate(android.view.ViewGroup)
android.support.v4.view.PagerAdapter: java.lang.Object instantiateItem(android.view.ViewGroup,int)
android.support.v4.view.PagerAdapter: void destroyItem(android.view.ViewGroup,int,java.lang.Object)
android.support.v4.view.PagerAdapter: void setPrimaryItem(android.view.ViewGroup,int,java.lang.Object)
android.support.v4.view.PagerAdapter: void finishUpdate(android.view.ViewGroup)
android.support.v4.view.PagerAdapter: void startUpdate(android.view.View)
android.support.v4.view.PagerAdapter: java.lang.Object instantiateItem(android.view.View,int)
android.support.v4.view.PagerAdapter: void destroyItem(android.view.View,int,java.lang.Object)
android.support.v4.view.PagerAdapter: void setPrimaryItem(android.view.View,int,java.lang.Object)
android.support.v4.view.PagerAdapter: void finishUpdate(android.view.View)
android.support.v4.view.PagerAdapter: boolean isViewFromObject(android.view.View,java.lang.Object)
android.support.v4.view.PagerAdapter: android.os.Parcelable saveState()
android.support.v4.view.PagerTabStrip
android.support.v4.view.PagerTabStrip: java.lang.String TAG
android.support.v4.view.PagerTabStrip: int INDICATOR_HEIGHT
android.support.v4.view.PagerTabStrip: int MIN_PADDING_BOTTOM
android.support.v4.view.PagerTabStrip: int TAB_PADDING
android.support.v4.view.PagerTabStrip: int TAB_SPACING
android.support.v4.view.PagerTabStrip: int MIN_TEXT_SPACING
android.support.v4.view.PagerTabStrip: int FULL_UNDERLINE_HEIGHT
android.support.v4.view.PagerTabStrip: int MIN_STRIP_HEIGHT
android.support.v4.view.PagerTabStrip: int mIndicatorColor
android.support.v4.view.PagerTabStrip: int mIndicatorHeight
android.support.v4.view.PagerTabStrip: int mMinPaddingBottom
android.support.v4.view.PagerTabStrip: int mMinTextSpacing
android.support.v4.view.PagerTabStrip: int mMinStripHeight
android.support.v4.view.PagerTabStrip: int mTabPadding
android.support.v4.view.PagerTabStrip: android.graphics.Paint mTabPaint
android.support.v4.view.PagerTabStrip: android.graphics.Rect mTempRect
android.support.v4.view.PagerTabStrip: int mTabAlpha
android.support.v4.view.PagerTabStrip: boolean mDrawFullUnderline
android.support.v4.view.PagerTabStrip: boolean mDrawFullUnderlineSet
android.support.v4.view.PagerTabStrip: int mFullUnderlineHeight
android.support.v4.view.PagerTabStrip: boolean mIgnoreTap
android.support.v4.view.PagerTabStrip: float mInitialMotionX
android.support.v4.view.PagerTabStrip: float mInitialMotionY
android.support.v4.view.PagerTabStrip: int mTouchSlop