KankanNews/proguard/mapping.txt
com.kankanews.kankanxinwen.BuildConfig -> com.kankanews.kankanxinwen.a:
    boolean DEBUG -> a
com.kankanews.kankanxinwen.R -> com.kankanews.kankanxinwen.R:
com.kankanews.kankanxinwen.R$anim -> com.kankanews.kankanxinwen.R$anim:
    int alpha -> alpha
    int anim_loading_text -> anim_loading_text
    int animation_slide_in_up -> animation_slide_in_up
    int animation_slide_left_right -> animation_slide_left_right
    int animation_slide_out_up -> animation_slide_out_up
    int bottom_in -> bottom_in
    int bottom_out -> bottom_out
    int grow_from_bottom -> grow_from_bottom
    int in_from_left -> in_from_left
    int in_from_right -> in_from_right
    int item_in -> item_in
    int item_out -> item_out
    int out_to_left -> out_to_left
    int out_to_right -> out_to_right
    int paly_alpha -> paly_alpha
    int popup_enter -> popup_enter
    int popup_exit -> popup_exit
    int shake_umeng_socialize_cycle_5 -> shake_umeng_socialize_cycle_5
    int shake_umeng_socialize_dlg_alpha -> shake_umeng_socialize_dlg_alpha
    int shake_umeng_socialize_dlg_scale -> shake_umeng_socialize_dlg_scale
    int shake_umeng_socialize_edit_anim -> shake_umeng_socialize_edit_anim
    int shake_umeng_socialize_imageview_rotate -> shake_umeng_socialize_imageview_rotate
    int shake_umeng_socialize_scrshot_dlg -> shake_umeng_socialize_scrshot_dlg
    int share_borad_hide -> share_borad_hide
    int share_borad_show -> share_borad_show
    int shrink_from_top -> shrink_from_top
    int slide_bottomin_up -> slide_bottomin_up
    int slide_bottomout_up -> slide_bottomout_up
    int slide_in_from_bottom -> slide_in_from_bottom
com.kankanews.kankanxinwen.R$array -> com.kankanews.kankanxinwen.R$array:
    int umeng_fb_contact_key_array -> umeng_fb_contact_key_array
    int umeng_fb_contact_type_array -> umeng_fb_contact_type_array
com.kankanews.kankanxinwen.R$attr -> com.kankanews.kankanxinwen.R$attr:
    int auto_play -> auto_play
    int behindOffset -> behindOffset
    int behindScrollScale -> behindScrollScale
    int behindWidth -> behindWidth
    int border_inside_color -> border_inside_color
    int border_outside_color -> border_outside_color
    int border_thickness -> border_thickness
    int dayBackground -> dayBackground
    int dayTextColor -> dayTextColor
    int displayHeader -> displayHeader
    int dividerColor -> dividerColor
    int fadeDegree -> fadeDegree
    int fadeEnabled -> fadeEnabled
    int hasStickyHeaders -> hasStickyHeaders
    int headerTextColor -> headerTextColor
    int isDrawingListUnderStickyHeader -> isDrawingListUnderStickyHeader
    int mode -> mode
    int ptrAdapterViewBackground -> ptrAdapterViewBackground
    int ptrAnimationStyle -> ptrAnimationStyle
    int ptrDrawable -> ptrDrawable
    int ptrDrawableBottom -> ptrDrawableBottom
    int ptrDrawableEnd -> ptrDrawableEnd
    int ptrDrawableStart -> ptrDrawableStart
    int ptrDrawableTop -> ptrDrawableTop
    int ptrHeaderBackground -> ptrHeaderBackground
    int ptrHeaderSubTextColor -> ptrHeaderSubTextColor
    int ptrHeaderTextAppearance -> ptrHeaderTextAppearance
    int ptrHeaderTextColor -> ptrHeaderTextColor
    int ptrListViewExtrasEnabled -> ptrListViewExtrasEnabled
    int ptrMode -> ptrMode
    int ptrOverScroll -> ptrOverScroll
    int ptrRefreshableViewBackground -> ptrRefreshableViewBackground
...
com.umeng.scrshot.impl.UMAppScrShotImpl -> com.umeng.scrshot.impl.UMAppScrShotImpl:
    android.app.Activity mActivity -> b
    39:39:android.app.Activity getActivity() -> b
    48:49:void setActivity(android.app.Activity) -> a
    61:65:android.graphics.Bitmap getBitmap() -> a
com.umeng.scrshot.impl.UMBaseScrShotImpl -> com.umeng.scrshot.impl.UMBaseScrShotImpl:
    java.lang.String TAG -> a
    32:32:android.graphics.Bitmap getBitmap() -> a
com.umeng.scrshot.impl.UMRootedScrShotImpl -> com.umeng.scrshot.impl.UMRootedScrShotImpl:
    android.content.Context mContext -> b
    java.lang.String DEVICE_NAME -> c
    52:102:android.graphics.Bitmap getBitmap() -> a
    112:116:java.io.InputStream readAsRoot() -> b
    129:141:boolean isRooted() -> c
    154:161:boolean canExecuteCommand(java.lang.String) -> a
com.umeng.scrshot.impl.UMVideoScrShotImpl -> com.umeng.scrshot.impl.UMVideoScrShotImpl:
    java.lang.String mVideoPath -> b
    android.media.MediaPlayer mPlayer -> c
    int ACTION_DELAY -> d
    58:58:java.lang.String getVideoPath() -> b
    67:68:void setVideoPath(java.lang.String) -> a
    76:76:android.media.MediaPlayer getMeidaPlayer() -> c
    85:86:void setMeidaPlayer(android.media.MediaPlayer) -> a
    102:149:android.graphics.Bitmap getBitmap() -> a
com.umeng.socialize.bean.BaseMsg -> com.umeng.socialize.bean.BaseMsg:
    java.lang.String mText -> a
    com.umeng.socialize.bean.UMLocation mLocation -> b
    com.umeng.socialize.media.UMediaObject a -> c
    android.os.Parcelable$Creator CREATOR -> CREATOR
    30:31:void setMediaData(com.umeng.socialize.media.UMediaObject) -> a
    34:34:com.umeng.socialize.media.UMediaObject getMedia() -> a
    39:39:int describeContents() -> describeContents
    44:48:void writeToParcel(android.os.Parcel,int) -> writeToParcel
com.umeng.socialize.bean.CallbackConfig -> com.umeng.socialize.bean.CallbackConfig:
    int b -> d
    int CALLBACK_LISTENER_FLAG_SDK -> a
    int CALLBACK_LISTENER_FLAG_SINGEL -> b
    int c -> e
    int d -> f
    int e -> g
    int f -> h
    int g -> i
    int h -> j
    int i -> k
    boolean a -> c
    java.util.Map j -> l
    java.util.Map k -> m
    70:70:boolean registerWeakRefListener(com.umeng.socialize.bean.CallbackConfig$ICallbackListener,int) -> a
    80:80:boolean registerWeakRefListener(com.umeng.socialize.bean.CallbackConfig$ICallbackListener) -> a
    89:89:boolean registerListener(com.umeng.socialize.bean.CallbackConfig$ICallbackListener,int) -> b
    98:98:boolean registerListener(com.umeng.socialize.bean.CallbackConfig$ICallbackListener) -> b
    115:141:boolean a(com.umeng.socialize.bean.CallbackConfig$ICallbackListener,boolean,int) -> a
    154:172:boolean a(com.umeng.socialize.bean.CallbackConfig$ICallbackListener,int) -> c
    181:188:int contains(com.umeng.socialize.bean.CallbackConfig$ICallbackListener) -> c
    199:226:boolean a(int) -> a
    230:241:boolean a(int,int) -> a
    245:257:int a(com.umeng.socialize.bean.CallbackConfig$ICallbackListener) -> e
    261:266:void unregisterLisreners(com.umeng.socialize.bean.CallbackConfig$ICallbackListener[]) -> a
    270:275:boolean cleanListeners() -> a
    281:294:boolean unregisterListener(com.umeng.socialize.bean.CallbackConfig$ICallbackListener) -> d
com.umeng.socialize.bean.CallbackConfig$ICallbackListener -> com.umeng.socialize.bean.CallbackConfig$ICallbackListener:
com.umeng.socialize.bean.CustomPlatform -> com.umeng.socialize.bean.a:
    50:50:java.lang.String toString() -> toString
com.umeng.socialize.bean.Gender -> com.umeng.socialize.bean.b:
    com.umeng.socialize.bean.Gender MALE -> a
    com.umeng.socialize.bean.Gender FEMALE -> b
    com.umeng.socialize.bean.Gender[] a -> c
    33:39:com.umeng.socialize.bean.Gender convertToEmun(java.lang.String) -> a
    1:1:com.umeng.socialize.bean.Gender[] values() -> values
    1:1:com.umeng.socialize.bean.Gender valueOf(java.lang.String) -> valueOf